<?xml version="1.0" encoding="UTF-8"?>
<!-- Generated by org.testng.reporters.JUnitReportReporter -->
<testsuite hostname="AymanHussein" failures="0" tests="1" name="class_2.A001_Login_testNG" time="24.098" errors="0" timestamp="2024-10-01T18:39:55 CDT" skipped="0">
  <testcase classname="class_2.A001_Login_testNG" name="loginplusAssertion" time="24.098"/>
</testsuite> <!-- class_2.A001_Login_testNG -->
