<?xml version="1.0" encoding="UTF-8"?>
<!-- Generated by org.testng.reporters.JUnitReportReporter -->
<testsuite hostname="AymanHussein" failures="0" tests="1" name="class_2.A002_Config_Prop" time="22.736" errors="0" timestamp="2024-10-01T20:58:10 CDT" skipped="0">
  <testcase classname="class_2.A002_Config_Prop" name="loginplusAssertion" time="22.736"/>
</testsuite> <!-- class_2.A002_Config_Prop -->
